0:0
0:1
torch.Size([12665])
tensor([0, 1, 1,  ..., 1, 0, 1])
torch.Size([2115])
tensor([1, 0, 1,  ..., 1, 0, 1])
69
37
tensor(5923)
tensor(6742)
tensor(980)
tensor(1135)
68
68
37
37
torch.Size([68])
torch.Size([68])
torch.Size([37])
torch.Size([37])
0.9877068557919622
010010011
100000010
37
0.9459459459459459
0:2
torch.Size([11881])
tensor([0, 2, 2,  ..., 2, 0, 2])
torch.Size([2012])
tensor([2, 0, 0,  ..., 2, 0, 2])
99
57
tensor(5923)
tensor(5958)
tensor(980)
tensor(1032)
96
96
56
56
torch.Size([96])
torch.Size([96])
torch.Size([56])
torch.Size([56])
0.8981113320079522
000000110
000010010
000011100
000100010
010011100
011010110
100000010
56
0.875
0:3
torch.Size([12054])
tensor([0, 3, 3,  ..., 3, 0, 3])
torch.Size([1990])
tensor([0, 0, 0,  ..., 3, 0, 3])
82
48
tensor(5923)
tensor(6131)
tensor(980)
tensor(1010)
80
80
46
46
torch.Size([80])
torch.Size([80])
torch.Size([46])
torch.Size([46])
0.9246231155778895
000011110
001010000
001010010
010011000
010011010
100000000
100011000
46
0.8478260869565217
0:4
torch.Size([11765])
tensor([0, 4, 4,  ..., 0, 4, 0])
torch.Size([1962])
tensor([0, 4, 4,  ..., 4, 0, 4])
95
57
tensor(5923)
tensor(5842)
tensor(980)
tensor(982)
94
94
56
56
torch.Size([94])
torch.Size([94])
torch.Size([56])
torch.Size([56])
0.8628950050968399
000000011
000010100
000111010
010000000
011000000
100010010
100111001
56
0.875
0:5
torch.Size([11344])
tensor([5, 0, 5,  ..., 0, 5, 5])
torch.Size([1872])
tensor([0, 5, 0,  ..., 5, 0, 5])
94
48
tensor(5923)
tensor(5421)
tensor(980)
tensor(892)
90
90
48
48
torch.Size([90])
torch.Size([90])
torch.Size([48])
torch.Size([48])
0.8728632478632479
000000000
000100000
000100010
010000100
100000010
101010000
48
0.875
0:6
torch.Size([11841])
tensor([0, 6, 6,  ..., 6, 0, 6])
torch.Size([1938])
tensor([0, 0, 6,  ..., 6, 0, 6])
80
40
tensor(5923)
tensor(5918)
tensor(980)
tensor(958)
79
79
40
40
torch.Size([79])
torch.Size([79])
torch.Size([40])
torch.Size([40])
0.8787409700722394
011000000
011000010
100000010
110011000
40
0.9
0:7
torch.Size([12188])
tensor([0, 7, 0,  ..., 7, 0, 7])
torch.Size([2008])
tensor([7, 0, 0,  ..., 0, 7, 0])
81
41
tensor(5923)
tensor(6265)
tensor(980)
tensor(1028)
80
80
41
41
torch.Size([80])
torch.Size([80])
torch.Size([41])
torch.Size([41])
0.896414342629482
100010010
41
0.975609756097561
0:8
torch.Size([11774])
tensor([0, 8, 0,  ..., 8, 8, 8])
torch.Size([1954])
tensor([0, 0, 0,  ..., 0, 8, 0])
81
43
tensor(5923)
tensor(5851)
tensor(980)
tensor(974)
79
79
43
43
torch.Size([79])
torch.Size([79])
torch.Size([43])
torch.Size([43])
0.9518935516888434
010010001
010011000
100000000
43
0.9302325581395349
0:9
torch.Size([11872])
tensor([0, 9, 9,  ..., 0, 9, 9])
torch.Size([1989])
tensor([0, 9, 9,  ..., 0, 9, 0])
82
48
tensor(5923)
tensor(5949)
tensor(980)
tensor(1009)
81
81
48
48
torch.Size([81])
torch.Size([81])
torch.Size([48])
torch.Size([48])
0.8964303670186023
000010100
000111010
010000011
010010100
010010110
010011110
100000010
48
0.8541666666666666
1:0
1:1
1:2
torch.Size([12700])
tensor([1, 2, 1,  ..., 2, 2, 1])
torch.Size([2167])
tensor([2, 1, 1,  ..., 2, 1, 2])
76
42
tensor(6742)
tensor(5958)
tensor(1135)
tensor(1032)
74
74
41
41
torch.Size([74])
torch.Size([74])
torch.Size([41])
torch.Size([41])
0.8514074757729581
000011100
010011100
41
0.9512195121951219
1:3
torch.Size([12873])
tensor([1, 1, 3,  ..., 1, 1, 3])
torch.Size([2145])
tensor([1, 1, 1,  ..., 3, 1, 3])
58
33
tensor(6742)
tensor(6131)
tensor(1135)
tensor(1010)
58
58
33
33
torch.Size([58])
torch.Size([58])
torch.Size([33])
torch.Size([33])
0.6592074592074592
010010011
100011000
33
0.9393939393939394
1:4
torch.Size([12584])
tensor([4, 1, 1,  ..., 1, 1, 1])
torch.Size([2117])
tensor([1, 4, 1,  ..., 4, 1, 4])
73
43
tensor(6742)
tensor(5842)
tensor(1135)
tensor(982)
72
72
43
43
torch.Size([72])
torch.Size([72])
torch.Size([43])
torch.Size([43])
0.7671232876712328
000000011
001010000
010010011
100010001
100111001
43
0.8837209302325582
1:5
torch.Size([12163])
tensor([5, 1, 1,  ..., 5, 1, 5])
torch.Size([2027])
tensor([1, 1, 5,  ..., 5, 1, 5])
73
33
tensor(6742)
tensor(5421)
tensor(1135)
tensor(892)
72
72
32
32
torch.Size([72])
torch.Size([72])
torch.Size([32])
torch.Size([32])
0.7094227923038974
010000100
010010011
101010000
32
0.90625
1:6
torch.Size([12660])
tensor([1, 1, 1,  ..., 6, 1, 6])
torch.Size([2093])
tensor([1, 1, 6,  ..., 6, 1, 6])
51
29
tensor(6742)
tensor(5918)
tensor(1135)
tensor(958)
49
49
29
29
torch.Size([49])
torch.Size([49])
torch.Size([29])
torch.Size([29])
0.8652651696129957
000010001
001010000
010010011
011000010
29
0.8620689655172413
1:7
torch.Size([13007])
tensor([1, 1, 1,  ..., 1, 7, 1])
torch.Size([2163])
tensor([7, 1, 1,  ..., 1, 7, 1])
40
25
tensor(6742)
tensor(6265)
tensor(1135)
tensor(1028)
40
40
24
24
torch.Size([40])
torch.Size([40])
torch.Size([24])
torch.Size([24])
0.9232547387887193
000010001
010000000
010010011
010011010
24
0.8333333333333334
1:8
torch.Size([12593])
tensor([1, 1, 1,  ..., 1, 8, 8])
torch.Size([2109])
tensor([1, 1, 1,  ..., 1, 8, 1])
53
22
tensor(6742)
tensor(5851)
tensor(1135)
tensor(974)
52
52
20
20
torch.Size([52])
torch.Size([52])
torch.Size([20])
torch.Size([20])
0.7003319108582267
20
1.0
1:9
torch.Size([12691])
tensor([1, 9, 1,  ..., 9, 9, 1])
torch.Size([2144])
tensor([1, 1, 9,  ..., 1, 9, 1])
52
34
tensor(6742)
tensor(5949)
tensor(1135)
tensor(1009)
52
52
34
34
torch.Size([52])
torch.Size([52])
torch.Size([34])
torch.Size([34])
0.7047574626865671
000010001
010000011
010010011
010010110
010011110
34
0.8529411764705882
2:0
2:1
2:2
2:3
torch.Size([12089])
tensor([2, 3, 3,  ..., 2, 2, 3])
torch.Size([2042])
tensor([2, 3, 3,  ..., 3, 2, 3])
82
49
tensor(5958)
tensor(6131)
tensor(1032)
tensor(1010)
80
80
44
44
torch.Size([80])
torch.Size([80])
torch.Size([44])
torch.Size([44])
0.8080313418217434
000000010
000011100
001010000
010000010
010000110
010010100
010011100
100010000
100011000
44
0.7954545454545454
2:4
torch.Size([11800])
tensor([4, 2, 4,  ..., 2, 2, 2])
torch.Size([2014])
tensor([2, 4, 4,  ..., 4, 2, 4])
117
68
tensor(5958)
tensor(5842)
tensor(1032)
tensor(982)
116
116
66
66
torch.Size([116])
torch.Size([116])
torch.Size([66])
torch.Size([66])
0.8659384309831182
000000001
000011100
000011110
001000110
010111000
011010110
100111001
66
0.8939393939393939
2:5
torch.Size([11379])
tensor([5, 2, 5,  ..., 2, 5, 5])
torch.Size([1924])
tensor([2, 5, 5,  ..., 5, 2, 5])
98
53
tensor(5958)
tensor(5421)
tensor(1032)
tensor(892)
98
98
52
52
torch.Size([98])
torch.Size([98])
torch.Size([52])
torch.Size([52])
0.7931392931392931
000001010
000010011
000011010
000011100
000100000
000100010
000110011
001010100
010010010
010011100
011010000
011010110
101010000
52
0.75
2:6
torch.Size([11876])
tensor([2, 6, 2,  ..., 6, 2, 6])
torch.Size([1990])
tensor([2, 6, 6,  ..., 6, 2, 6])
97
56
tensor(5958)
tensor(5918)
tensor(1032)
tensor(958)
96
96
56
56
torch.Size([96])
torch.Size([96])
torch.Size([56])
torch.Size([56])
0.6809045226130653
000000000
000011100
000011110
000100000
011010110
110011010
56
0.8928571428571429
2:7
torch.Size([12223])
tensor([2, 7, 2,  ..., 2, 7, 2])
torch.Size([2060])
tensor([7, 2, 7,  ..., 2, 7, 2])
94
56
tensor(5958)
tensor(6265)
tensor(1032)
tensor(1028)
94
94
56
56
torch.Size([94])
torch.Size([94])
torch.Size([56])
torch.Size([56])
0.9019417475728155
000001100
000001110
000011100
000011110
000110000
001010110
011010110
100010010
56
0.8571428571428571
2:8
torch.Size([11809])
tensor([2, 2, 8,  ..., 2, 8, 8])
torch.Size([2006])
tensor([2, 2, 2,  ..., 2, 8, 2])
86
46
tensor(5958)
tensor(5851)
tensor(1032)
tensor(974)
82
82
46
46
torch.Size([82])
torch.Size([82])
torch.Size([46])
torch.Size([46])
0.865902293120638
000010110
000011100
000110011
010011100
46
0.9130434782608695
2:9
torch.Size([11907])
tensor([9, 2, 2,  ..., 9, 2, 9])
torch.Size([2041])
tensor([2, 9, 9,  ..., 2, 9, 2])
97
57
tensor(5958)
tensor(5949)
tensor(1032)
tensor(1009)
96
96
55
55
torch.Size([96])
torch.Size([96])
torch.Size([55])
torch.Size([55])
0.8726114649681529
000011100
000011110
000100010
010011010
010011110
010100000
011010110
55
0.8727272727272727
3:0
3:1
3:2
3:3
3:4
torch.Size([11973])
tensor([4, 3, 4,  ..., 3, 3, 3])
torch.Size([1992])
tensor([4, 4, 3,  ..., 4, 3, 4])
94
60
tensor(6131)
tensor(5842)
tensor(1010)
tensor(982)
92
92
59
59
torch.Size([92])
torch.Size([92])
torch.Size([59])
torch.Size([59])
0.8217871485943775
000000011
010000000
010001000
010011000
100010000
100011000
59
0.8983050847457628
3:5
torch.Size([11552])
tensor([5, 3, 3,  ..., 5, 3, 5])
torch.Size([1902])
tensor([5, 5, 3,  ..., 5, 3, 5])
81
39
tensor(6131)
tensor(5421)
tensor(1010)
tensor(892)
77
77
35
35
torch.Size([77])
torch.Size([77])
torch.Size([35])
torch.Size([35])
0.6876971608832808
000000110
000011000
000011010
000100000
010011000
011010000
100011000
101010000
35
0.7714285714285715
3:6
torch.Size([12049])
tensor([3, 3, 3,  ..., 6, 3, 6])
torch.Size([1968])
tensor([6, 3, 6,  ..., 6, 3, 6])
75
43
tensor(6131)
tensor(5918)
tensor(1010)
tensor(958)
74
74
43
43
torch.Size([74])
torch.Size([74])
torch.Size([43])
torch.Size([43])
0.8861788617886179
000000010
011000010
100011000
43
0.9302325581395349
3:7
torch.Size([12396])
tensor([3, 3, 3,  ..., 3, 7, 3])
torch.Size([2038])
tensor([7, 7, 3,  ..., 3, 7, 3])
70
46
tensor(6131)
tensor(6265)
tensor(1010)
tensor(1028)
70
70
46
46
torch.Size([70])
torch.Size([70])
torch.Size([46])
torch.Size([46])
0.9116781157998037
000010000
000110010
100011000
46
0.9347826086956522
3:8
torch.Size([11982])
tensor([3, 3, 3,  ..., 8, 3, 8])
torch.Size([1984])
tensor([3, 3, 3,  ..., 3, 8, 3])
58
36
tensor(6131)
tensor(5851)
tensor(1010)
tensor(974)
57
57
36
36
torch.Size([57])
torch.Size([57])
torch.Size([36])
torch.Size([36])
0.6436491935483871
000000000
000001000
000010000
000110000
010011000
100011000
36
0.8333333333333334
3:9
torch.Size([12080])
tensor([9, 3, 3,  ..., 9, 9, 3])
torch.Size([2019])
tensor([9, 9, 9,  ..., 3, 9, 3])
76
48
tensor(6131)
tensor(5949)
tensor(1010)
tensor(1009)
73
73
47
47
torch.Size([73])
torch.Size([73])
torch.Size([47])
torch.Size([47])
0.7870232788509163
000001000
000011000
010000011
010011010
010011110
100011000
47
0.8723404255319149
4:0
4:1
4:2
4:3
4:4
4:5
torch.Size([11263])
tensor([5, 4, 4,  ..., 4, 5, 5])
torch.Size([1874])
tensor([4, 4, 5,  ..., 5, 4, 5])
98
52
tensor(5842)
tensor(5421)
tensor(982)
tensor(892)
97
97
50
50
torch.Size([97])
torch.Size([97])
torch.Size([50])
torch.Size([50])
0.6889007470651014
000000011
000101010
001000010
001010000
010000100
010010000
100111001
101010000
50
0.84
4:6
torch.Size([11760])
tensor([4, 4, 6,  ..., 6, 6, 6])
torch.Size([1940])
tensor([4, 4, 6,  ..., 6, 4, 6])
78
51
tensor(5842)
tensor(5918)
tensor(982)
tensor(958)
75
75
50
50
torch.Size([75])
torch.Size([75])
torch.Size([50])
torch.Size([50])
0.8077319587628866
000000011
000111000
001001000
001010010
001011000
011000010
100111001
110011010
50
0.84
4:7
torch.Size([12107])
tensor([4, 4, 7,  ..., 4, 7, 7])
torch.Size([2010])
tensor([7, 4, 4,  ..., 4, 7, 4])
86
51
tensor(5842)
tensor(6265)
tensor(982)
tensor(1028)
85
85
50
50
torch.Size([85])
torch.Size([85])
torch.Size([50])
torch.Size([50])
0.7577114427860696
000100000
000101000
000101010
010011000
100010010
50
0.9
4:8
torch.Size([11693])
tensor([4, 4, 8,  ..., 8, 8, 8])
torch.Size([1956])
tensor([4, 4, 4,  ..., 4, 8, 4])
86
47
tensor(5842)
tensor(5851)
tensor(982)
tensor(974)
86
86
47
47
torch.Size([86])
torch.Size([86])
torch.Size([47])
torch.Size([47])
0.8118609406952966
000000011
010001010
010011000
47
0.9361702127659575
4:9
torch.Size([11791])
tensor([4, 9, 4,  ..., 4, 9, 9])
torch.Size([1991])
tensor([4, 4, 9,  ..., 4, 9, 4])
79
51
tensor(5842)
tensor(5949)
tensor(982)
tensor(1009)
77
77
49
49
torch.Size([77])
torch.Size([77])
torch.Size([49])
torch.Size([49])
0.6142641888498243
000000001
000000011
000100000
000101010
000110001
000111010
010000000
010000011
010010110
010011010
010011110
100111001
49
0.7551020408163265
5:0
5:1
5:2
5:3
5:4
5:5
5:6
torch.Size([11339])
tensor([5, 5, 6,  ..., 5, 5, 6])
torch.Size([1850])
tensor([5, 6, 5,  ..., 6, 5, 6])
80
42
tensor(5421)
tensor(5918)
tensor(892)
tensor(958)
77
77
42
42
torch.Size([77])
torch.Size([77])
torch.Size([42])
torch.Size([42])
0.7913513513513514
000001010
000010000
000011010
001010000
001100010
010000100
011000010
101010000
110011000
42
0.7857142857142857
5:7
torch.Size([11686])
tensor([5, 5, 7,  ..., 7, 5, 5])
torch.Size([1920])
tensor([7, 5, 5,  ..., 5, 7, 5])
82
41
tensor(5421)
tensor(6265)
tensor(892)
tensor(1028)
82
82
41
41
torch.Size([82])
torch.Size([82])
torch.Size([41])
torch.Size([41])
0.8453125
000000001
000010100
010000000
010000100
101010000
41
0.8780487804878049
5:8
torch.Size([11272])
tensor([5, 5, 8,  ..., 8, 5, 8])
torch.Size([1866])
tensor([5, 5, 5,  ..., 5, 8, 5])
75
35
tensor(5421)
tensor(5851)
tensor(892)
tensor(974)
69
69
34
34
torch.Size([69])
torch.Size([69])
torch.Size([34])
torch.Size([34])
0.7031082529474812
000001000
000010100
000110000
010010000
010010001
010010100
010010110
101010000
34
0.7647058823529411
5:9
torch.Size([11370])
tensor([5, 9, 5,  ..., 9, 5, 5])
torch.Size([1901])
tensor([9, 5, 9,  ..., 5, 9, 5])
82
44
tensor(5421)
tensor(5949)
tensor(892)
tensor(1009)
80
80
40
40
torch.Size([80])
torch.Size([80])
torch.Size([40])
torch.Size([40])
0.6701735928458706
000000100
000001010
000010100
000011010
000101010
010000011
010000100
010010100
010010110
010011110
101010000
40
0.725
6:0
6:1
6:2
6:3
6:4
6:5
6:6
6:7
torch.Size([12183])
tensor([6, 7, 6,  ..., 6, 7, 6])
torch.Size([1986])
tensor([7, 6, 7,  ..., 6, 7, 6])
63
38
tensor(5918)
tensor(6265)
tensor(958)
tensor(1028)
62
62
38
38
torch.Size([62])
torch.Size([62])
torch.Size([38])
torch.Size([38])
0.8680765357502518
000011010
100010010
110011010
38
0.9210526315789473
6:8
torch.Size([11769])
tensor([6, 8, 6,  ..., 8, 6, 8])
torch.Size([1932])
tensor([6, 6, 6,  ..., 6, 8, 6])
64
31
tensor(5918)
tensor(5851)
tensor(958)
tensor(974)
62
62
29
29
torch.Size([62])
torch.Size([62])
torch.Size([29])
torch.Size([29])
0.8923395445134575
010010001
011000010
29
0.9310344827586207
6:9
torch.Size([11867])
tensor([9, 6, 6,  ..., 9, 9, 6])
torch.Size([1967])
tensor([9, 9, 6,  ..., 6, 9, 6])
68
46
tensor(5918)
tensor(5949)
tensor(958)
tensor(1009)
68
68
46
46
torch.Size([68])
torch.Size([68])
torch.Size([46])
torch.Size([46])
0.8393492628368073
000001010
010000011
010010110
010011110
110011010
46
0.8913043478260869
7:0
7:1
7:2
7:3
7:4
7:5
7:6
7:7
7:8
torch.Size([12116])
tensor([7, 8, 7,  ..., 8, 8, 8])
torch.Size([2002])
tensor([7, 7, 7,  ..., 7, 7, 8])
62
33
tensor(6265)
tensor(5851)
tensor(1028)
tensor(974)
61
61
32
32
torch.Size([61])
torch.Size([61])
torch.Size([32])
torch.Size([32])
0.8981018981018981
000010000
000010100
000110010
010011000
32
0.875
7:9
torch.Size([12214])
tensor([9, 7, 9,  ..., 7, 9, 9])
torch.Size([2037])
tensor([7, 9, 9,  ..., 7, 7, 9])
52
37
tensor(6265)
tensor(5949)
tensor(1028)
tensor(1009)
51
51
35
35
torch.Size([51])
torch.Size([51])
torch.Size([35])
torch.Size([35])
0.7952871870397643
000011110
000100000
000101000
000111000
010000011
010010110
010011100
010011110
100010010
35
0.7428571428571429
8:0
8:1
8:2
8:3
8:4
8:5
8:6
8:7
8:8
8:9
torch.Size([11800])
tensor([9, 8, 9,  ..., 9, 8, 8])
torch.Size([1983])
tensor([9, 9, 9,  ..., 9, 8, 9])
66
39
tensor(5851)
tensor(5949)
tensor(974)
tensor(1009)
64
64
38
38
torch.Size([64])
torch.Size([64])
torch.Size([38])
torch.Size([38])
0.724155320221886
000000100
000001000
000001010
000010110
010000011
010010100
010010110
010011110
38
0.7894736842105263
9:0
9:1
9:2
9:3
9:4
9:5
9:6
9:7
9:8
9:9
